{"name": "test_add_item_to_favourites", "status": "broken", "statusDetails": {"message": "selenium.common.exceptions.NoSuchElementException: Message: no such element: Unable to locate element: {\"method\":\"xpath\",\"selector\":\"//*[@id=\"category_itemslist\"]/div[2]/div[3]/div[2]/div[1]/button\"}\n  (Session info: chrome=104.0.5112.102)\nStacktrace:\nBacktrace:\n\tOrdinal0 [0x00A35FD3+2187219]\n\tOrdinal0 [0x009CE6D1+1763025]\n\tOrdinal0 [0x008E3E78+802424]\n\tOrdinal0 [0x00911C10+990224]\n\tOrdinal0 [0x00911EAB+990891]\n\tOrdinal0 [0x0093EC92+1174674]\n\tOrdinal0 [0x0092CBD4+1100756]\n\tOrdinal0 [0x0093CFC2+1167298]\n\tOrdinal0 [0x0092C9A6+1100198]\n\tOrdinal0 [0x00906F80+946048]\n\tOrdinal0 [0x00907E76+949878]\n\tGetHandleVerifier [0x00CD90C2+2721218]\n\tGetHandleVerifier [0x00CCAAF0+2662384]\n\tGetHandleVerifier [0x00AC137A+526458]\n\tGetHandleVerifier [0x00AC0416+522518]\n\tOrdinal0 [0x009D4EAB+1789611]\n\tOrdinal0 [0x009D97A8+1808296]\n\tOrdinal0 [0x009D9895+1808533]\n\tOrdinal0 [0x009E26C1+1844929]\n\tBaseThreadInitThunk [0x75A5FA29+25]\n\tRtlGetAppContainerNamedObjectPath [0x772B7A9E+286]\n\tRtlGetAppContainerNamedObjectPath [0x772B7A6E+238]", "trace": "def test_add_item_to_favourites():\n        '''В этом тесте мы проверяем возможность добавления товара в рубрику \"Избранное\"'''\n        driver = webdriver.Chrome(executable_path=r'C:\\\\Users\\\\rdykin\\\\PycharmProjects\\\\resource\\\\chromedriver.exe')\n        print('Начало теста')\n    \n        mp = Main_page(driver)\n        mp.authorization()\n        time.sleep(1.5)\n>       mp.favourites()\n\ntest_add_to_favourites.py:13: \n_ _ _ _ _ _ _ _ _ _ _ _ _ _ _ _ _ _ _ _ _ _ _ _ _ _ _ _ _ _ _ _ _ _ _ _ _ _ _ _ _ _ _ _ _ _ _ _ _ _ _ _ _ _ _ _ _ _ _ _ _ _ _ _ _ _ _ _ _ _ _ _ _ _ _ _ _ _ _ _ _ _ _ _ _ _ _ _ _ _ _ _ _ _ _ _ _ _ _ _ _ _ _ _ _ _ _ _ _ _ _ _ _ _ _ _\n..\\pages\\main_page.py:312: in favourites\n    self.click_item_star_favourites()\n..\\pages\\main_page.py:204: in click_item_star_favourites\n    self.get_item_star_favourites().click()\n..\\pages\\main_page.py:130: in get_item_star_favourites\n    return self.driver.find_element(By.XPATH, self.item_star_favourites)\n..\\venv\\lib\\site-packages\\selenium\\webdriver\\remote\\webdriver.py:856: in find_element\n    return self.execute(Command.FIND_ELEMENT, {\n..\\venv\\lib\\site-packages\\selenium\\webdriver\\remote\\webdriver.py:434: in execute\n    self.error_handler.check_response(response)\n_ _ _ _ _ _ _ _ _ _ _ _ _ _ _ _ _ _ _ _ _ _ _ _ _ _ _ _ _ _ _ _ _ _ _ _ _ _ _ _ _ _ _ _ _ _ _ _ _ _ _ _ _ _ _ _ _ _ _ _ _ _ _ _ _ _ _ _ _ _ _ _ _ _ _ _ _ _ _ _ _ _ _ _ _ _ _ _ _ _ _ _ _ _ _ _ _ _ _ _ _ _ _ _ _ _ _ _ _ _ _ _ _ _ _ _\n\nself = <selenium.webdriver.remote.errorhandler.ErrorHandler object at 0x00000281542F6700>\nresponse = {'status': 404, 'value': '{\"value\":{\"error\":\"no such element\",\"message\":\"no such element: Unable to locate element: {\\...\\n\\\\tRtlGetAppContainerNamedObjectPath [0x772B7A9E+286]\\\\n\\\\tRtlGetAppContainerNamedObjectPath [0x772B7A6E+238]\\\\n\"}}'}\n\n    def check_response(self, response: Dict[str, Any]) -> None:\n        \"\"\"\n        Checks that a JSON response from the WebDriver does not have an error.\n    \n        :Args:\n         - response - The JSON response from the WebDriver server as a dictionary\n           object.\n    \n        :Raises: If the response contains an error message.\n        \"\"\"\n        status = response.get('status', None)\n        if not status or status == ErrorCode.SUCCESS:\n            return\n        value = None\n        message = response.get(\"message\", \"\")\n        screen: str = response.get(\"screen\", \"\")\n        stacktrace = None\n        if isinstance(status, int):\n            value_json = response.get('value', None)\n            if value_json and isinstance(value_json, str):\n                import json\n                try:\n                    value = json.loads(value_json)\n                    if len(value.keys()) == 1:\n                        value = value['value']\n                    status = value.get('error', None)\n                    if not status:\n                        status = value.get(\"status\", ErrorCode.UNKNOWN_ERROR)\n                        message = value.get(\"value\") or value.get(\"message\")\n                        if not isinstance(message, str):\n                            value = message\n                            message = message.get('message')\n                    else:\n                        message = value.get('message', None)\n                except ValueError:\n                    pass\n    \n        exception_class: Type[WebDriverException]\n        if status in ErrorCode.NO_SUCH_ELEMENT:\n            exception_class = NoSuchElementException\n        elif status in ErrorCode.NO_SUCH_FRAME:\n            exception_class = NoSuchFrameException\n        elif status in ErrorCode.NO_SUCH_SHADOW_ROOT:\n            exception_class = NoSuchShadowRootException\n        elif status in ErrorCode.NO_SUCH_WINDOW:\n            exception_class = NoSuchWindowException\n        elif status in ErrorCode.STALE_ELEMENT_REFERENCE:\n            exception_class = StaleElementReferenceException\n        elif status in ErrorCode.ELEMENT_NOT_VISIBLE:\n            exception_class = ElementNotVisibleException\n        elif status in ErrorCode.INVALID_ELEMENT_STATE:\n            exception_class = InvalidElementStateException\n        elif status in ErrorCode.INVALID_SELECTOR \\\n                or status in ErrorCode.INVALID_XPATH_SELECTOR \\\n                or status in ErrorCode.INVALID_XPATH_SELECTOR_RETURN_TYPER:\n            exception_class = InvalidSelectorException\n        elif status in ErrorCode.ELEMENT_IS_NOT_SELECTABLE:\n            exception_class = ElementNotSelectableException\n        elif status in ErrorCode.ELEMENT_NOT_INTERACTABLE:\n            exception_class = ElementNotInteractableException\n        elif status in ErrorCode.INVALID_COOKIE_DOMAIN:\n            exception_class = InvalidCookieDomainException\n        elif status in ErrorCode.UNABLE_TO_SET_COOKIE:\n            exception_class = UnableToSetCookieException\n        elif status in ErrorCode.TIMEOUT:\n            exception_class = TimeoutException\n        elif status in ErrorCode.SCRIPT_TIMEOUT:\n            exception_class = TimeoutException\n        elif status in ErrorCode.UNKNOWN_ERROR:\n            exception_class = WebDriverException\n        elif status in ErrorCode.UNEXPECTED_ALERT_OPEN:\n            exception_class = UnexpectedAlertPresentException\n        elif status in ErrorCode.NO_ALERT_OPEN:\n            exception_class = NoAlertPresentException\n        elif status in ErrorCode.IME_NOT_AVAILABLE:\n            exception_class = ImeNotAvailableException\n        elif status in ErrorCode.IME_ENGINE_ACTIVATION_FAILED:\n            exception_class = ImeActivationFailedException\n        elif status in ErrorCode.MOVE_TARGET_OUT_OF_BOUNDS:\n            exception_class = MoveTargetOutOfBoundsException\n        elif status in ErrorCode.JAVASCRIPT_ERROR:\n            exception_class = JavascriptException\n        elif status in ErrorCode.SESSION_NOT_CREATED:\n            exception_class = SessionNotCreatedException\n        elif status in ErrorCode.INVALID_ARGUMENT:\n            exception_class = InvalidArgumentException\n        elif status in ErrorCode.NO_SUCH_COOKIE:\n            exception_class = NoSuchCookieException\n        elif status in ErrorCode.UNABLE_TO_CAPTURE_SCREEN:\n            exception_class = ScreenshotException\n        elif status in ErrorCode.ELEMENT_CLICK_INTERCEPTED:\n            exception_class = ElementClickInterceptedException\n        elif status in ErrorCode.INSECURE_CERTIFICATE:\n            exception_class = InsecureCertificateException\n        elif status in ErrorCode.INVALID_COORDINATES:\n            exception_class = InvalidCoordinatesException\n        elif status in ErrorCode.INVALID_SESSION_ID:\n            exception_class = InvalidSessionIdException\n        elif status in ErrorCode.UNKNOWN_METHOD:\n            exception_class = UnknownMethodException\n        else:\n            exception_class = WebDriverException\n        if not value:\n            value = response['value']\n        if isinstance(value, str):\n            raise exception_class(value)\n        if message == \"\" and 'message' in value:\n            message = value['message']\n    \n        screen = None  # type: ignore[assignment]\n        if 'screen' in value:\n            screen = value['screen']\n    \n        stacktrace = None\n        st_value = value.get('stackTrace') or value.get('stacktrace')\n        if st_value:\n            if isinstance(st_value, str):\n                stacktrace = st_value.split('\\n')\n            else:\n                stacktrace = []\n                try:\n                    for frame in st_value:\n                        line = frame.get(\"lineNumber\", \"\")\n                        file = frame.get(\"fileName\", \"<anonymous>\")\n                        if line:\n                            file = f\"{file}:{line}\"\n                        meth = frame.get('methodName', '<anonymous>')\n                        if 'className' in frame:\n                            meth = \"{}.{}\".format(frame['className'], meth)\n                        msg = \"    at %s (%s)\"\n                        msg = msg % (meth, file)\n                        stacktrace.append(msg)\n                except TypeError:\n                    pass\n        if exception_class == UnexpectedAlertPresentException:\n            alert_text = None\n            if 'data' in value:\n                alert_text = value['data'].get('text')\n            elif 'alert' in value:\n                alert_text = value['alert'].get('text')\n            raise exception_class(message, screen, stacktrace, alert_text)  # type: ignore[call-arg]  # mypy is not smart enough here\n>       raise exception_class(message, screen, stacktrace)\nE       selenium.common.exceptions.NoSuchElementException: Message: no such element: Unable to locate element: {\"method\":\"xpath\",\"selector\":\"//*[@id=\"category_itemslist\"]/div[2]/div[3]/div[2]/div[1]/button\"}\nE         (Session info: chrome=104.0.5112.102)\nE       Stacktrace:\nE       Backtrace:\nE       \tOrdinal0 [0x00A35FD3+2187219]\nE       \tOrdinal0 [0x009CE6D1+1763025]\nE       \tOrdinal0 [0x008E3E78+802424]\nE       \tOrdinal0 [0x00911C10+990224]\nE       \tOrdinal0 [0x00911EAB+990891]\nE       \tOrdinal0 [0x0093EC92+1174674]\nE       \tOrdinal0 [0x0092CBD4+1100756]\nE       \tOrdinal0 [0x0093CFC2+1167298]\nE       \tOrdinal0 [0x0092C9A6+1100198]\nE       \tOrdinal0 [0x00906F80+946048]\nE       \tOrdinal0 [0x00907E76+949878]\nE       \tGetHandleVerifier [0x00CD90C2+2721218]\nE       \tGetHandleVerifier [0x00CCAAF0+2662384]\nE       \tGetHandleVerifier [0x00AC137A+526458]\nE       \tGetHandleVerifier [0x00AC0416+522518]\nE       \tOrdinal0 [0x009D4EAB+1789611]\nE       \tOrdinal0 [0x009D97A8+1808296]\nE       \tOrdinal0 [0x009D9895+1808533]\nE       \tOrdinal0 [0x009E26C1+1844929]\nE       \tBaseThreadInitThunk [0x75A5FA29+25]\nE       \tRtlGetAppContainerNamedObjectPath [0x772B7A9E+286]\nE       \tRtlGetAppContainerNamedObjectPath [0x772B7A6E+238]\n\n..\\venv\\lib\\site-packages\\selenium\\webdriver\\remote\\errorhandler.py:243: NoSuchElementException"}, "description": "В этом тесте мы проверяем возможность добавления товара в рубрику \"Избранное\"", "start": 1661850432877, "stop": 1661850525445, "uuid": "0539d43a-7625-4fb8-a039-387819f014a6", "historyId": "b61a9686274b7800d09c5b49839db8d1", "testCaseId": "9033b2ca0cc5cd7ba31e92a8a48c2afc", "fullName": "test_add_to_favourites#test_add_item_to_favourites", "labels": [{"name": "suite", "value": "test_add_to_favourites"}, {"name": "host", "value": "rdykin"}, {"name": "thread", "value": "12060-MainThread"}, {"name": "framework", "value": "pytest"}, {"name": "language", "value": "cpython3"}, {"name": "package", "value": "test_add_to_favourites"}]}